Started GET "/" for 127.0.0.1 at 2019-01-04 08:29:20 -0700
Processing by ApplicationController#index as HTML
Completed 406 Not Acceptable in 92ms (ActiveRecord: 0.0ms)


  
ActionController::UnknownFormat (ApplicationController#index is missing a template for this request format and variant.

request.formats: ["text/html"]
request.variant: []

NOTE! For XHR/Ajax or API requests, this action would normally respond with 204 No Content: an empty white screen. Since you're loading it in a web browser, we assume that you expected to actually render a template, not nothing, so we're showing an error to be extra-clear. If you expect 204 No Content, carry on. That's what you'll get from an XHR or API request. Give it a shot.):
  
actionpack (5.2.2) lib/action_controller/metal/implicit_render.rb:55:in `default_render'
actionpack (5.2.2) lib/action_controller/metal/basic_implicit_render.rb:6:in `block in send_action'
actionpack (5.2.2) lib/action_controller/metal/basic_implicit_render.rb:6:in `tap'
actionpack (5.2.2) lib/action_controller/metal/basic_implicit_render.rb:6:in `send_action'
actionpack (5.2.2) lib/abstract_controller/base.rb:194:in `process_action'
actionpack (5.2.2) lib/action_controller/metal/rendering.rb:30:in `process_action'
actionpack (5.2.2) lib/abstract_controller/callbacks.rb:42:in `block in process_action'
activesupport (5.2.2) lib/active_support/callbacks.rb:132:in `run_callbacks'
actionpack (5.2.2) lib/abstract_controller/callbacks.rb:41:in `process_action'
actionpack (5.2.2) lib/action_controller/metal/rescue.rb:22:in `process_action'
actionpack (5.2.2) lib/action_controller/metal/instrumentation.rb:34:in `block in process_action'
activesupport (5.2.2) lib/active_support/notifications.rb:168:in `block in instrument'
activesupport (5.2.2) lib/active_support/notifications/instrumenter.rb:23:in `instrument'
activesupport (5.2.2) lib/active_support/notifications.rb:168:in `instrument'
actionpack (5.2.2) lib/action_controller/metal/instrumentation.rb:32:in `process_action'
actionpack (5.2.2) lib/action_controller/metal/params_wrapper.rb:256:in `process_action'
activerecord (5.2.2) lib/active_record/railties/controller_runtime.rb:24:in `process_action'
actionpack (5.2.2) lib/abstract_controller/base.rb:134:in `process'
actionview (5.2.2) lib/action_view/rendering.rb:32:in `process'
actionpack (5.2.2) lib/action_controller/metal.rb:191:in `dispatch'
actionpack (5.2.2) lib/action_controller/metal.rb:252:in `dispatch'
actionpack (5.2.2) lib/action_dispatch/routing/route_set.rb:52:in `dispatch'
actionpack (5.2.2) lib/action_dispatch/routing/route_set.rb:34:in `serve'
actionpack (5.2.2) lib/action_dispatch/journey/router.rb:52:in `block in serve'
actionpack (5.2.2) lib/action_dispatch/journey/router.rb:35:in `each'
actionpack (5.2.2) lib/action_dispatch/journey/router.rb:35:in `serve'
actionpack (5.2.2) lib/action_dispatch/routing/route_set.rb:840:in `call'
rack (2.0.6) lib/rack/tempfile_reaper.rb:15:in `call'
rack (2.0.6) lib/rack/etag.rb:25:in `call'
rack (2.0.6) lib/rack/conditional_get.rb:25:in `call'
rack (2.0.6) lib/rack/head.rb:12:in `call'
actionpack (5.2.2) lib/action_dispatch/http/content_security_policy.rb:18:in `call'
rack (2.0.6) lib/rack/session/abstract/id.rb:232:in `context'
rack (2.0.6) lib/rack/session/abstract/id.rb:226:in `call'
actionpack (5.2.2) lib/action_dispatch/middleware/cookies.rb:670:in `call'
activerecord (5.2.2) lib/active_record/migration.rb:559:in `call'
actionpack (5.2.2) lib/action_dispatch/middleware/callbacks.rb:28:in `block in call'
activesupport (5.2.2) lib/active_support/callbacks.rb:98:in `run_callbacks'
actionpack (5.2.2) lib/action_dispatch/middleware/callbacks.rb:26:in `call'
actionpack (5.2.2) lib/action_dispatch/middleware/executor.rb:14:in `call'
actionpack (5.2.2) lib/action_dispatch/middleware/debug_exceptions.rb:61:in `call'
web-console (3.7.0) lib/web_console/middleware.rb:135:in `call_app'
web-console (3.7.0) lib/web_console/middleware.rb:30:in `block in call'
web-console (3.7.0) lib/web_console/middleware.rb:20:in `catch'
web-console (3.7.0) lib/web_console/middleware.rb:20:in `call'
actionpack (5.2.2) lib/action_dispatch/middleware/show_exceptions.rb:33:in `call'
railties (5.2.2) lib/rails/rack/logger.rb:38:in `call_app'
railties (5.2.2) lib/rails/rack/logger.rb:26:in `block in call'
activesupport (5.2.2) lib/active_support/tagged_logging.rb:71:in `block in tagged'
activesupport (5.2.2) lib/active_support/tagged_logging.rb:28:in `tagged'
activesupport (5.2.2) lib/active_support/tagged_logging.rb:71:in `tagged'
railties (5.2.2) lib/rails/rack/logger.rb:26:in `call'
sprockets-rails (3.2.1) lib/sprockets/rails/quiet_assets.rb:13:in `call'
actionpack (5.2.2) lib/action_dispatch/middleware/remote_ip.rb:81:in `call'
actionpack (5.2.2) lib/action_dispatch/middleware/request_id.rb:27:in `call'
rack (2.0.6) lib/rack/method_override.rb:22:in `call'
rack (2.0.6) lib/rack/runtime.rb:22:in `call'
activesupport (5.2.2) lib/active_support/cache/strategy/local_cache_middleware.rb:29:in `call'
actionpack (5.2.2) lib/action_dispatch/middleware/executor.rb:14:in `call'
actionpack (5.2.2) lib/action_dispatch/middleware/static.rb:127:in `call'
rack (2.0.6) lib/rack/sendfile.rb:111:in `call'
railties (5.2.2) lib/rails/engine.rb:524:in `call'
puma (3.12.0) lib/puma/configuration.rb:225:in `call'
puma (3.12.0) lib/puma/server.rb:658:in `handle_request'
puma (3.12.0) lib/puma/server.rb:472:in `process_client'
puma (3.12.0) lib/puma/server.rb:332:in `block in run'
puma (3.12.0) lib/puma/thread_pool.rb:133:in `block in spawn_thread'
Started GET "/" for 127.0.0.1 at 2019-01-04 08:31:21 -0700
Processing by ApplicationController#index as HTML
  Rendering application/index.html within layouts/application
  Rendered application/index.html within layouts/application (1.2ms)
Completed 200 OK in 381ms (Views: 378.1ms | ActiveRecord: 0.0ms)


Started GET "/" for 127.0.0.1 at 2019-01-04 08:31:58 -0700
Processing by ApplicationController#index as HTML
  Rendering application/index.html within layouts/application
  Rendered application/index.html within layouts/application (1.0ms)
Completed 200 OK in 28ms (Views: 20.2ms | ActiveRecord: 0.0ms)


Started GET "/" for 127.0.0.1 at 2019-01-04 08:32:18 -0700
Processing by ApplicationController#index as HTML
  Rendering application/index.html within layouts/application
  Rendered application/index.html within layouts/application (1.6ms)
Completed 200 OK in 23ms (Views: 20.3ms | ActiveRecord: 0.0ms)


Started GET "/" for 127.0.0.1 at 2019-01-04 08:33:47 -0700
Processing by ApplicationController#index as HTML
  Rendering application/index.html within layouts/application
  Rendered application/index.html within layouts/application (1.4ms)
Completed 200 OK in 28ms (Views: 25.6ms | ActiveRecord: 0.0ms)


Started GET "/" for 127.0.0.1 at 2019-01-04 08:33:59 -0700
Processing by ApplicationController#index as HTML
  Rendering application/index.html within layouts/application
  Rendered application/index.html within layouts/application (1.2ms)
Completed 200 OK in 25ms (Views: 22.1ms | ActiveRecord: 0.0ms)


Started GET "/" for 127.0.0.1 at 2019-01-04 08:34:19 -0700
Processing by ApplicationController#index as HTML
  Rendering application/index.html within layouts/application
  Rendered application/index.html within layouts/application (1.9ms)
Completed 200 OK in 24ms (Views: 21.4ms | ActiveRecord: 0.0ms)


Started GET "/" for 127.0.0.1 at 2019-01-04 08:34:33 -0700
Processing by ApplicationController#index as HTML
  Rendering application/index.html within layouts/application
  Rendered application/index.html within layouts/application (1.2ms)
Completed 200 OK in 23ms (Views: 20.3ms | ActiveRecord: 0.0ms)


Started GET "/" for 127.0.0.1 at 2019-01-04 08:35:33 -0700
Processing by ApplicationController#index as HTML
  Rendering application/index.html within layouts/application
  Rendered application/index.html within layouts/application (1.3ms)
Completed 200 OK in 28ms (Views: 25.8ms | ActiveRecord: 0.0ms)


Started GET "/" for 127.0.0.1 at 2019-01-04 08:47:12 -0700
Processing by ApplicationController#index as HTML
  Rendering application/index.html within layouts/application
  Rendered application/index.html within layouts/application (1.1ms)
Completed 200 OK in 29ms (Views: 26.5ms | ActiveRecord: 0.0ms)


Started GET "/" for 127.0.0.1 at 2019-01-04 08:48:21 -0700
Processing by ApplicationController#index as HTML
  Rendering application/index.html within layouts/application
  Rendered application/index.html within layouts/application (1.1ms)
Completed 200 OK in 32ms (Views: 27.9ms | ActiveRecord: 0.0ms)


Started GET "/" for 127.0.0.1 at 2019-01-04 08:49:44 -0700
Processing by ApplicationController#index as HTML
  Rendering application/index.html within layouts/application
  Rendered application/index.html within layouts/application (1.5ms)
Completed 200 OK in 30ms (Views: 25.1ms | ActiveRecord: 0.0ms)


Started GET "/" for 127.0.0.1 at 2019-01-04 08:50:27 -0700
Processing by ApplicationController#index as HTML
  Rendering application/index.html within layouts/application
  Rendered application/index.html within layouts/application (0.9ms)
Completed 200 OK in 26ms (Views: 22.3ms | ActiveRecord: 0.0ms)


Started GET "/" for 127.0.0.1 at 2019-01-04 08:50:39 -0700
Processing by ApplicationController#index as HTML
  Rendering application/index.html within layouts/application
  Rendered application/index.html within layouts/application (1.2ms)
Completed 200 OK in 27ms (Views: 23.0ms | ActiveRecord: 0.0ms)


Started GET "/" for 127.0.0.1 at 2019-01-04 09:07:23 -0700
Processing by ApplicationController#index as HTML
  Rendering application/index.html within layouts/application
  Rendered application/index.html within layouts/application (2.5ms)
Completed 200 OK in 35ms (Views: 32.2ms | ActiveRecord: 0.0ms)


Started GET "/" for 127.0.0.1 at 2019-01-04 09:08:06 -0700
Processing by ApplicationController#index as HTML
  Rendering application/index.html within layouts/application
  Rendered application/index.html within layouts/application (1.0ms)
Completed 200 OK in 22ms (Views: 16.8ms | ActiveRecord: 0.0ms)


Started GET "/" for 127.0.0.1 at 2019-01-04 09:08:50 -0700
Processing by ApplicationController#index as HTML
  Rendering application/index.html within layouts/application
  Rendered application/index.html within layouts/application (1.3ms)
Completed 200 OK in 33ms (Views: 27.8ms | ActiveRecord: 0.0ms)


Started GET "/" for 127.0.0.1 at 2019-01-04 09:10:40 -0700
Processing by ApplicationController#index as HTML
  Rendering application/index.html within layouts/application
  Rendered application/index.html within layouts/application (1.8ms)
Completed 200 OK in 33ms (Views: 29.2ms | ActiveRecord: 0.0ms)


Started GET "/" for 127.0.0.1 at 2019-01-04 09:13:56 -0700
Processing by ApplicationController#index as HTML
  Rendering application/index.html within layouts/application
  Rendered application/index.html within layouts/application (1.2ms)
Completed 200 OK in 22ms (Views: 18.2ms | ActiveRecord: 0.0ms)


Started GET "/" for 127.0.0.1 at 2019-01-04 09:14:27 -0700
Processing by ApplicationController#index as HTML
  Rendering application/index.html within layouts/application
  Rendered application/index.html within layouts/application (1.1ms)
Completed 200 OK in 22ms (Views: 18.1ms | ActiveRecord: 0.0ms)


Started GET "/" for 127.0.0.1 at 2019-01-04 09:15:20 -0700
Processing by ApplicationController#index as HTML
  Rendering application/index.html within layouts/application
  Rendered application/index.html within layouts/application (0.8ms)
Completed 200 OK in 20ms (Views: 17.3ms | ActiveRecord: 0.0ms)


Started GET "/" for 127.0.0.1 at 2019-01-04 09:15:44 -0700
Processing by ApplicationController#index as HTML
  Rendering application/index.html within layouts/application
  Rendered application/index.html within layouts/application (1.5ms)
Completed 200 OK in 31ms (Views: 27.5ms | ActiveRecord: 0.0ms)


Started GET "/" for 127.0.0.1 at 2019-01-04 09:17:22 -0700
Processing by ApplicationController#index as HTML
  Rendering application/index.html within layouts/application
  Rendered application/index.html within layouts/application (1.4ms)
Completed 200 OK in 31ms (Views: 25.9ms | ActiveRecord: 0.0ms)


Started GET "/" for 127.0.0.1 at 2019-01-04 09:17:39 -0700
Processing by ApplicationController#index as HTML
  Rendering application/index.html within layouts/application
  Rendered application/index.html within layouts/application (1.0ms)
Completed 200 OK in 26ms (Views: 21.3ms | ActiveRecord: 0.0ms)


Started GET "/" for 127.0.0.1 at 2019-01-04 09:18:44 -0700
Processing by ApplicationController#index as HTML
  Rendering application/index.html within layouts/application
  Rendered application/index.html within layouts/application (1.7ms)
Completed 200 OK in 32ms (Views: 25.9ms | ActiveRecord: 0.0ms)


Started GET "/" for 127.0.0.1 at 2019-01-04 09:19:54 -0700
Processing by ApplicationController#index as HTML
  Rendering application/index.html within layouts/application
  Rendered application/index.html within layouts/application (3.2ms)
Completed 200 OK in 37ms (Views: 33.1ms | ActiveRecord: 0.0ms)


Started GET "/" for 127.0.0.1 at 2019-01-04 09:20:08 -0700
Processing by ApplicationController#index as HTML
  Rendering application/index.html within layouts/application
  Rendered application/index.html within layouts/application (1.4ms)
Completed 200 OK in 27ms (Views: 23.1ms | ActiveRecord: 0.0ms)


Started GET "/" for 127.0.0.1 at 2019-01-04 09:21:16 -0700
Processing by ApplicationController#index as HTML
  Rendering application/index.html within layouts/application
  Rendered application/index.html within layouts/application (3.7ms)
Completed 200 OK in 38ms (Views: 34.1ms | ActiveRecord: 0.0ms)


Started GET "/" for 127.0.0.1 at 2019-01-04 09:23:04 -0700
Processing by ApplicationController#index as HTML
  Rendering application/index.html within layouts/application
  Rendered application/index.html within layouts/application (2.5ms)
Completed 200 OK in 63ms (Views: 59.5ms | ActiveRecord: 0.0ms)


Started GET "/" for 127.0.0.1 at 2019-01-04 09:23:49 -0700
Processing by ApplicationController#index as HTML
  Rendering application/index.html within layouts/application
  Rendered application/index.html within layouts/application (3.0ms)
Completed 200 OK in 33ms (Views: 29.1ms | ActiveRecord: 0.0ms)


Started GET "/" for 127.0.0.1 at 2019-01-04 09:25:22 -0700
Processing by ApplicationController#index as HTML
  Rendering application/index.html within layouts/application
  Rendered application/index.html within layouts/application (2.3ms)
Completed 200 OK in 34ms (Views: 31.1ms | ActiveRecord: 0.0ms)


Started GET "/" for 127.0.0.1 at 2019-01-04 09:29:24 -0700
Processing by ApplicationController#index as HTML
  Rendering application/index.html within layouts/application
  Rendered application/index.html within layouts/application (1.9ms)
Completed 200 OK in 26ms (Views: 22.8ms | ActiveRecord: 0.0ms)


Started GET "/" for 127.0.0.1 at 2019-01-04 09:30:08 -0700
Processing by ApplicationController#index as HTML
  Rendering application/index.html within layouts/application
  Rendered application/index.html within layouts/application (2.1ms)
Completed 200 OK in 28ms (Views: 23.4ms | ActiveRecord: 0.0ms)


Started GET "/" for 127.0.0.1 at 2019-01-04 09:31:25 -0700
Processing by ApplicationController#index as HTML
  Rendering application/index.html within layouts/application
  Rendered application/index.html within layouts/application (2.6ms)
Completed 200 OK in 36ms (Views: 31.0ms | ActiveRecord: 0.0ms)


Started GET "/" for 127.0.0.1 at 2019-01-04 09:32:23 -0700
Processing by ApplicationController#index as HTML
  Rendering application/index.html within layouts/application
  Rendered application/index.html within layouts/application (2.5ms)
Completed 200 OK in 31ms (Views: 27.1ms | ActiveRecord: 0.0ms)


Started GET "/" for 127.0.0.1 at 2019-01-04 09:34:15 -0700
Processing by ApplicationController#index as HTML
  Rendering application/index.html within layouts/application
  Rendered application/index.html within layouts/application (1.8ms)
Completed 200 OK in 69ms (Views: 66.5ms | ActiveRecord: 0.0ms)


Started GET "/" for 127.0.0.1 at 2019-01-04 09:34:51 -0700
Processing by ApplicationController#index as HTML
  Rendering application/index.html within layouts/application
  Rendered application/index.html within layouts/application (3.7ms)
Completed 200 OK in 32ms (Views: 27.3ms | ActiveRecord: 0.0ms)


Started GET "/" for 127.0.0.1 at 2019-01-04 09:35:00 -0700
Processing by ApplicationController#index as HTML
  Rendering application/index.html within layouts/application
  Rendered application/index.html within layouts/application (3.1ms)
Completed 200 OK in 29ms (Views: 23.8ms | ActiveRecord: 0.0ms)


Started GET "/" for 127.0.0.1 at 2019-01-04 09:35:06 -0700
Processing by ApplicationController#index as HTML
  Rendering application/index.html within layouts/application
  Rendered application/index.html within layouts/application (2.2ms)
Completed 200 OK in 32ms (Views: 26.4ms | ActiveRecord: 0.0ms)


Started GET "/" for 127.0.0.1 at 2019-01-04 09:35:47 -0700
Processing by ApplicationController#index as HTML
  Rendering application/index.html within layouts/application
  Rendered application/index.html within layouts/application (3.1ms)
Completed 200 OK in 40ms (Views: 34.1ms | ActiveRecord: 0.0ms)


Started GET "/" for 127.0.0.1 at 2019-01-04 09:36:15 -0700
Processing by ApplicationController#index as HTML
  Rendering application/index.html within layouts/application
  Rendered application/index.html within layouts/application (2.1ms)
Completed 200 OK in 31ms (Views: 26.6ms | ActiveRecord: 0.0ms)


Started GET "/" for 127.0.0.1 at 2019-01-04 09:36:28 -0700
Processing by ApplicationController#index as HTML
  Rendering application/index.html within layouts/application
  Rendered application/index.html within layouts/application (2.9ms)
Completed 200 OK in 32ms (Views: 27.6ms | ActiveRecord: 0.0ms)


Started GET "/" for 127.0.0.1 at 2019-01-04 09:36:53 -0700
Processing by ApplicationController#index as HTML
  Rendering application/index.html within layouts/application
  Rendered application/index.html within layouts/application (2.8ms)
Completed 200 OK in 30ms (Views: 27.2ms | ActiveRecord: 0.0ms)


Started GET "/" for 127.0.0.1 at 2019-01-04 09:42:18 -0700
Processing by ApplicationController#index as HTML
  Rendering application/index.html within layouts/application
  Rendered application/index.html within layouts/application (2.7ms)
Completed 200 OK in 45ms (Views: 42.3ms | ActiveRecord: 0.0ms)


Started GET "/" for 127.0.0.1 at 2019-01-04 09:44:58 -0700
Processing by ApplicationController#index as HTML
  Rendering application/index.html within layouts/application
  Rendered application/index.html within layouts/application (2.6ms)
Completed 200 OK in 51ms (Views: 46.3ms | ActiveRecord: 0.0ms)


Started GET "/" for 127.0.0.1 at 2019-01-04 09:45:18 -0700
Processing by ApplicationController#index as HTML
  Rendering application/index.html within layouts/application
  Rendered application/index.html within layouts/application (2.3ms)
Completed 200 OK in 33ms (Views: 26.8ms | ActiveRecord: 0.0ms)


Started GET "/" for 127.0.0.1 at 2019-01-04 09:46:37 -0700
Processing by ApplicationController#index as HTML
  Rendering application/index.html within layouts/application
  Rendered application/index.html within layouts/application (5.5ms)
Completed 200 OK in 43ms (Views: 38.3ms | ActiveRecord: 0.0ms)


Started GET "/" for 127.0.0.1 at 2019-01-04 09:47:50 -0700
Processing by ApplicationController#index as HTML
  Rendering application/index.html within layouts/application
  Rendered application/index.html within layouts/application (2.8ms)
Completed 200 OK in 37ms (Views: 31.4ms | ActiveRecord: 0.0ms)


Started GET "/" for 127.0.0.1 at 2019-01-04 09:48:16 -0700
Processing by ApplicationController#index as HTML
  Rendering application/index.html within layouts/application
  Rendered application/index.html within layouts/application (2.5ms)
Completed 200 OK in 34ms (Views: 29.8ms | ActiveRecord: 0.0ms)


Started GET "/" for 127.0.0.1 at 2019-01-04 09:50:17 -0700
Processing by ApplicationController#index as HTML
  Rendering application/index.html within layouts/application
  Rendered application/index.html within layouts/application (2.8ms)
Completed 200 OK in 50ms (Views: 42.6ms | ActiveRecord: 0.0ms)


Started GET "/" for 127.0.0.1 at 2019-01-04 09:50:29 -0700
Processing by ApplicationController#index as HTML
  Rendering application/index.html within layouts/application
  Rendered application/index.html within layouts/application (2.5ms)
Completed 200 OK in 33ms (Views: 27.4ms | ActiveRecord: 0.0ms)


Started GET "/" for 127.0.0.1 at 2019-01-04 09:50:54 -0700
Processing by ApplicationController#index as HTML
  Rendering application/index.html within layouts/application
  Rendered application/index.html within layouts/application (3.3ms)
Completed 200 OK in 61ms (Views: 55.4ms | ActiveRecord: 0.0ms)


Started GET "/" for 127.0.0.1 at 2019-01-04 09:51:19 -0700
Processing by ApplicationController#index as HTML
  Rendering application/index.html within layouts/application
  Rendered application/index.html within layouts/application (3.0ms)
Completed 200 OK in 39ms (Views: 34.1ms | ActiveRecord: 0.0ms)


Started GET "/" for 127.0.0.1 at 2019-01-04 09:51:48 -0700
Processing by ApplicationController#index as HTML
  Rendering application/index.html within layouts/application
  Rendered application/index.html within layouts/application (2.3ms)
Completed 200 OK in 32ms (Views: 27.1ms | ActiveRecord: 0.0ms)


Started GET "/" for 127.0.0.1 at 2019-01-04 09:52:53 -0700
Processing by ApplicationController#index as HTML
  Rendering application/index.html within layouts/application
  Rendered application/index.html within layouts/application (2.6ms)
Completed 200 OK in 39ms (Views: 35.7ms | ActiveRecord: 0.0ms)


Started GET "/" for 127.0.0.1 at 2019-01-04 09:53:14 -0700
Processing by ApplicationController#index as HTML
  Rendering application/index.html within layouts/application
  Rendered application/index.html within layouts/application (2.7ms)
Completed 200 OK in 32ms (Views: 27.7ms | ActiveRecord: 0.0ms)


Started GET "/" for 127.0.0.1 at 2019-01-04 09:54:12 -0700
Processing by ApplicationController#index as HTML
  Rendering application/index.html within layouts/application
  Rendered application/index.html within layouts/application (4.5ms)
Completed 200 OK in 40ms (Views: 34.5ms | ActiveRecord: 0.0ms)


Started GET "/" for 127.0.0.1 at 2019-01-04 09:55:18 -0700
Processing by ApplicationController#index as HTML
  Rendering application/index.html within layouts/application
  Rendered application/index.html within layouts/application (2.0ms)
Completed 200 OK in 42ms (Views: 38.4ms | ActiveRecord: 0.0ms)


Started GET "/" for 127.0.0.1 at 2019-01-04 09:55:37 -0700
Processing by ApplicationController#index as HTML
  Rendering application/index.html within layouts/application
  Rendered application/index.html within layouts/application (2.5ms)
Completed 200 OK in 33ms (Views: 28.4ms | ActiveRecord: 0.0ms)


Started GET "/" for 127.0.0.1 at 2019-01-04 09:55:42 -0700
Processing by ApplicationController#index as HTML
  Rendering application/index.html within layouts/application
  Rendered application/index.html within layouts/application (2.1ms)
Completed 200 OK in 31ms (Views: 25.5ms | ActiveRecord: 0.0ms)


Started GET "/" for 127.0.0.1 at 2019-01-04 09:56:18 -0700
Processing by ApplicationController#index as HTML
  Rendering application/index.html within layouts/application
  Rendered application/index.html within layouts/application (1.7ms)
Completed 200 OK in 33ms (Views: 28.1ms | ActiveRecord: 0.0ms)


Started GET "/" for 2605:a601:a020:2b54:fcdd:f852:9228:a0ce at 2019-01-04 09:57:39 -0700
Cannot render console from 2605:a601:a020:2b54:fcdd:f852:9228:a0ce! Allowed networks: 127.0.0.1, ::1, 127.0.0.0/127.255.255.255
Processing by ApplicationController#index as HTML
  Rendering application/index.html within layouts/application
  Rendered application/index.html within layouts/application (2.7ms)
Completed 200 OK in 48ms (Views: 44.5ms | ActiveRecord: 0.0ms)


Started GET "/" for 2600:100e:b12d:c2ee:c19c:829a:ba9c:c53b at 2019-01-04 09:57:56 -0700
Cannot render console from 2600:100e:b12d:c2ee:c19c:829a:ba9c:c53b! Allowed networks: 127.0.0.1, ::1, 127.0.0.0/127.255.255.255
Processing by ApplicationController#index as HTML
  Rendering application/index.html within layouts/application
  Rendered application/index.html within layouts/application (1.8ms)
Completed 200 OK in 23ms (Views: 18.7ms | ActiveRecord: 0.0ms)


Started GET "/" for 2600:100e:b12d:c2ee:c19c:829a:ba9c:c53b at 2019-01-04 10:00:01 -0700
Cannot render console from 2600:100e:b12d:c2ee:c19c:829a:ba9c:c53b! Allowed networks: 127.0.0.1, ::1, 127.0.0.0/127.255.255.255
Processing by ApplicationController#index as HTML
  Rendering application/index.html within layouts/application
  Rendered application/index.html within layouts/application (1.8ms)
Completed 200 OK in 28ms (Views: 25.6ms | ActiveRecord: 0.0ms)


Started GET "/" for 127.0.0.1 at 2019-01-04 10:03:17 -0700
Processing by ApplicationController#index as HTML
  Rendering application/index.html within layouts/application
  Rendered application/index.html within layouts/application (2.3ms)
Completed 200 OK in 82ms (Views: 77.7ms | ActiveRecord: 0.0ms)


Started GET "/" for 2600:100e:b12d:c2ee:c19c:829a:ba9c:c53b at 2019-01-04 10:03:23 -0700
Cannot render console from 2600:100e:b12d:c2ee:c19c:829a:ba9c:c53b! Allowed networks: 127.0.0.1, ::1, 127.0.0.0/127.255.255.255
Processing by ApplicationController#index as HTML
  Rendering application/index.html within layouts/application
  Rendered application/index.html within layouts/application (1.8ms)
Completed 200 OK in 21ms (Views: 18.2ms | ActiveRecord: 0.0ms)


Started GET "/" for 127.0.0.1 at 2019-01-04 10:04:28 -0700
Processing by ApplicationController#index as HTML
  Rendering application/index.html within layouts/application
  Rendered application/index.html within layouts/application (2.6ms)
Completed 200 OK in 39ms (Views: 35.5ms | ActiveRecord: 0.0ms)


Started GET "/" for 2600:100e:b12d:c2ee:c19c:829a:ba9c:c53b at 2019-01-04 10:05:02 -0700
Cannot render console from 2600:100e:b12d:c2ee:c19c:829a:ba9c:c53b! Allowed networks: 127.0.0.1, ::1, 127.0.0.0/127.255.255.255
Processing by ApplicationController#index as HTML
  Rendering application/index.html within layouts/application
  Rendered application/index.html within layouts/application (1.9ms)
Completed 200 OK in 22ms (Views: 19.5ms | ActiveRecord: 0.0ms)


Started GET "/" for 127.0.0.1 at 2019-01-04 10:24:02 -0700
Processing by ApplicationController#index as HTML
  Rendering application/index.html within layouts/application
  Rendered application/index.html within layouts/application (2.4ms)
Completed 200 OK in 36ms (Views: 31.4ms | ActiveRecord: 0.0ms)


Started GET "/" for 127.0.0.1 at 2019-01-04 10:24:26 -0700
Processing by ApplicationController#index as HTML
  Rendering application/index.html within layouts/application
  Rendered application/index.html within layouts/application (4.2ms)
Completed 200 OK in 43ms (Views: 37.7ms | ActiveRecord: 0.0ms)


Started GET "/" for 127.0.0.1 at 2019-01-04 10:26:06 -0700
Processing by ApplicationController#index as HTML
  Rendering application/index.html within layouts/application
  Rendered application/index.html within layouts/application (1.7ms)
Completed 200 OK in 33ms (Views: 29.9ms | ActiveRecord: 0.0ms)


Started GET "/" for 127.0.0.1 at 2019-01-04 10:26:36 -0700
Processing by ApplicationController#index as HTML
  Rendering application/index.html within layouts/application
  Rendered application/index.html within layouts/application (2.8ms)
Completed 200 OK in 33ms (Views: 29.0ms | ActiveRecord: 0.0ms)


Started GET "/" for 127.0.0.1 at 2019-01-04 10:28:05 -0700
Processing by ApplicationController#index as HTML
  Rendering application/index.html within layouts/application
  Rendered application/index.html within layouts/application (3.1ms)
Completed 200 OK in 37ms (Views: 32.4ms | ActiveRecord: 0.0ms)


Started GET "/" for 2600:100e:b12d:c2ee:c19c:829a:ba9c:c53b at 2019-01-04 10:28:30 -0700
Cannot render console from 2600:100e:b12d:c2ee:c19c:829a:ba9c:c53b! Allowed networks: 127.0.0.1, ::1, 127.0.0.0/127.255.255.255
Processing by ApplicationController#index as HTML
  Rendering application/index.html within layouts/application
  Rendered application/index.html within layouts/application (1.9ms)
Completed 200 OK in 23ms (Views: 20.6ms | ActiveRecord: 0.0ms)


Started GET "/" for 127.0.0.1 at 2019-01-04 10:30:24 -0700
Processing by ApplicationController#index as HTML
  Rendering application/index.html within layouts/application
  Rendered application/index.html within layouts/application (2.9ms)
Completed 200 OK in 40ms (Views: 32.3ms | ActiveRecord: 0.0ms)


Started GET "/" for 127.0.0.1 at 2019-01-04 10:34:09 -0700
Processing by ApplicationController#index as HTML
  Rendering application/index.html within layouts/application
  Rendered application/index.html within layouts/application (1.9ms)
Completed 200 OK in 32ms (Views: 28.9ms | ActiveRecord: 0.0ms)


Started GET "/" for 127.0.0.1 at 2019-01-04 10:36:20 -0700
Processing by ApplicationController#index as HTML
  Rendering application/index.html within layouts/application
  Rendered application/index.html within layouts/application (2.3ms)
Completed 200 OK in 39ms (Views: 32.2ms | ActiveRecord: 0.0ms)


Started GET "/" for 127.0.0.1 at 2019-01-04 10:37:24 -0700
Processing by ApplicationController#index as HTML
  Rendering application/index.html within layouts/application
  Rendered application/index.html within layouts/application (3.6ms)
Completed 200 OK in 48ms (Views: 43.0ms | ActiveRecord: 0.0ms)


Started GET "/" for 127.0.0.1 at 2019-01-04 10:38:09 -0700
Processing by ApplicationController#index as HTML
  Rendering application/index.html within layouts/application
  Rendered application/index.html within layouts/application (2.4ms)
Completed 200 OK in 33ms (Views: 29.1ms | ActiveRecord: 0.0ms)


Started GET "/" for 127.0.0.1 at 2019-01-04 10:38:53 -0700
Processing by ApplicationController#index as HTML
  Rendering application/index.html within layouts/application
  Rendered application/index.html within layouts/application (2.3ms)
Completed 200 OK in 37ms (Views: 33.7ms | ActiveRecord: 0.0ms)


Started GET "/" for 127.0.0.1 at 2019-01-04 10:39:28 -0700
Processing by ApplicationController#index as HTML
  Rendering application/index.html within layouts/application
  Rendered application/index.html within layouts/application (2.1ms)
Completed 200 OK in 31ms (Views: 25.7ms | ActiveRecord: 0.0ms)


Started GET "/" for 127.0.0.1 at 2019-01-04 10:40:02 -0700
Processing by ApplicationController#index as HTML
  Rendering application/index.html within layouts/application
  Rendered application/index.html within layouts/application (2.6ms)
Completed 200 OK in 35ms (Views: 31.3ms | ActiveRecord: 0.0ms)


Started GET "/" for 127.0.0.1 at 2019-01-04 10:40:23 -0700
Processing by ApplicationController#index as HTML
  Rendering application/index.html within layouts/application
  Rendered application/index.html within layouts/application (4.2ms)
Completed 200 OK in 38ms (Views: 32.4ms | ActiveRecord: 0.0ms)


Started GET "/" for 127.0.0.1 at 2019-01-04 10:41:40 -0700
Processing by ApplicationController#index as HTML
  Rendering application/index.html within layouts/application
  Rendered application/index.html within layouts/application (1.9ms)
Completed 200 OK in 30ms (Views: 27.5ms | ActiveRecord: 0.0ms)


Started GET "/" for 127.0.0.1 at 2019-01-04 10:42:15 -0700
Processing by ApplicationController#index as HTML
  Rendering application/index.html within layouts/application
  Rendered application/index.html within layouts/application (2.9ms)
Completed 200 OK in 40ms (Views: 35.3ms | ActiveRecord: 0.0ms)


Started GET "/" for 127.0.0.1 at 2019-01-04 10:43:10 -0700
Processing by ApplicationController#index as HTML
  Rendering application/index.html within layouts/application
  Rendered application/index.html within layouts/application (3.2ms)
Completed 200 OK in 42ms (Views: 36.3ms | ActiveRecord: 0.0ms)


Started GET "/" for 127.0.0.1 at 2019-01-04 10:43:47 -0700
Processing by ApplicationController#index as HTML
  Rendering application/index.html within layouts/application
  Rendered application/index.html within layouts/application (2.3ms)
Completed 200 OK in 41ms (Views: 36.0ms | ActiveRecord: 0.0ms)


Started GET "/" for 127.0.0.1 at 2019-01-04 10:55:29 -0700
Processing by ApplicationController#index as HTML
  Rendering application/index.html within layouts/application
  Rendered application/index.html within layouts/application (2.6ms)
Completed 200 OK in 40ms (Views: 35.3ms | ActiveRecord: 0.0ms)


Started GET "/" for 127.0.0.1 at 2019-01-04 10:57:24 -0700
Processing by ApplicationController#index as HTML
  Rendering application/index.html within layouts/application
  Rendered application/index.html within layouts/application (2.3ms)
Completed 200 OK in 27ms (Views: 23.6ms | ActiveRecord: 0.0ms)


Started GET "/" for 127.0.0.1 at 2019-01-04 10:58:08 -0700
Processing by ApplicationController#index as HTML
  Rendering application/index.html within layouts/application
  Rendered application/index.html within layouts/application (2.8ms)
Completed 200 OK in 45ms (Views: 39.6ms | ActiveRecord: 0.0ms)


Started GET "/" for 127.0.0.1 at 2019-01-04 11:19:49 -0700
Processing by ApplicationController#index as HTML
  Rendering application/index.html within layouts/application
  Rendered application/index.html within layouts/application (2.2ms)
Completed 200 OK in 89ms (Views: 82.2ms | ActiveRecord: 0.0ms)


Started GET "/" for 127.0.0.1 at 2019-01-04 11:22:43 -0700
Processing by ApplicationController#index as HTML
  Rendering application/index.html within layouts/application
  Rendered application/index.html within layouts/application (2.3ms)
Completed 200 OK in 37ms (Views: 32.0ms | ActiveRecord: 0.0ms)


Started GET "/" for 127.0.0.1 at 2019-01-04 14:51:55 -0700
Processing by ApplicationController#index as HTML
  Rendering application/index.html within layouts/application
  Rendered application/index.html within layouts/application (2.6ms)
Completed 200 OK in 284ms (Views: 273.5ms | ActiveRecord: 0.0ms)


Started GET "/" for 2605:a601:a020:2b54:a585:7d7c:8404:311c at 2019-01-04 14:53:34 -0700
Cannot render console from 2605:a601:a020:2b54:a585:7d7c:8404:311c! Allowed networks: 127.0.0.1, ::1, 127.0.0.0/127.255.255.255
Processing by ApplicationController#index as HTML
  Rendering application/index.html within layouts/application
  Rendered application/index.html within layouts/application (2.3ms)
Completed 200 OK in 30ms (Views: 25.6ms | ActiveRecord: 0.0ms)


Started GET "/" for 2600:100e:b11c:2342:ad14:d76e:d149:fbd6 at 2019-01-04 14:53:53 -0700
Cannot render console from 2600:100e:b11c:2342:ad14:d76e:d149:fbd6! Allowed networks: 127.0.0.1, ::1, 127.0.0.0/127.255.255.255
Processing by ApplicationController#index as HTML
  Rendering application/index.html within layouts/application
  Rendered application/index.html within layouts/application (1.9ms)
Completed 200 OK in 40ms (Views: 35.7ms | ActiveRecord: 0.0ms)


Started GET "/" for 2600:100e:b11c:2342:ad14:d76e:d149:fbd6 at 2019-01-04 14:55:04 -0700
Cannot render console from 2600:100e:b11c:2342:ad14:d76e:d149:fbd6! Allowed networks: 127.0.0.1, ::1, 127.0.0.0/127.255.255.255
Processing by ApplicationController#index as HTML
  Rendering application/index.html within layouts/application
  Rendered application/index.html within layouts/application (2.1ms)
Completed 200 OK in 28ms (Views: 24.7ms | ActiveRecord: 0.0ms)


Started GET "/" for 127.0.0.1 at 2019-01-04 14:55:22 -0700
Processing by ApplicationController#index as HTML
  Rendering application/index.html within layouts/application
  Rendered application/index.html within layouts/application (3.0ms)
Completed 200 OK in 52ms (Views: 46.0ms | ActiveRecord: 0.0ms)


Started GET "/" for 2600:100e:b11c:2342:ad14:d76e:d149:fbd6 at 2019-01-04 14:56:14 -0700
Cannot render console from 2600:100e:b11c:2342:ad14:d76e:d149:fbd6! Allowed networks: 127.0.0.1, ::1, 127.0.0.0/127.255.255.255
Processing by ApplicationController#index as HTML
  Rendering application/index.html within layouts/application
  Rendered application/index.html within layouts/application (1.9ms)
Completed 200 OK in 21ms (Views: 19.0ms | ActiveRecord: 0.0ms)


Started GET "/" for 127.0.0.1 at 2019-01-04 14:58:37 -0700
Processing by ApplicationController#index as HTML
  Rendering application/index.html within layouts/application
  Rendered application/index.html within layouts/application (3.7ms)
Completed 200 OK in 46ms (Views: 41.9ms | ActiveRecord: 0.0ms)


Started GET "/" for 2600:100e:b11c:2342:ad14:d76e:d149:fbd6 at 2019-01-04 14:58:44 -0700
Cannot render console from 2600:100e:b11c:2342:ad14:d76e:d149:fbd6! Allowed networks: 127.0.0.1, ::1, 127.0.0.0/127.255.255.255
Processing by ApplicationController#index as HTML
  Rendering application/index.html within layouts/application
  Rendered application/index.html within layouts/application (2.2ms)
Completed 200 OK in 30ms (Views: 25.0ms | ActiveRecord: 0.0ms)


Started GET "/" for 127.0.0.1 at 2019-01-04 15:00:25 -0700
Processing by ApplicationController#index as HTML
  Rendering application/index.html within layouts/application
  Rendered application/index.html within layouts/application (3.2ms)
Completed 200 OK in 40ms (Views: 34.8ms | ActiveRecord: 0.0ms)


Started GET "/" for 2600:100e:b11c:2342:ad14:d76e:d149:fbd6 at 2019-01-04 15:00:29 -0700
Cannot render console from 2600:100e:b11c:2342:ad14:d76e:d149:fbd6! Allowed networks: 127.0.0.1, ::1, 127.0.0.0/127.255.255.255
Processing by ApplicationController#index as HTML
  Rendering application/index.html within layouts/application
  Rendered application/index.html within layouts/application (2.5ms)
Completed 200 OK in 32ms (Views: 28.1ms | ActiveRecord: 0.0ms)


Started GET "/" for 174.208.11.158 at 2019-01-04 15:01:15 -0700
Cannot render console from 174.208.11.158! Allowed networks: 127.0.0.1, ::1, 127.0.0.0/127.255.255.255
Processing by ApplicationController#index as HTML
  Rendering application/index.html within layouts/application
  Rendered application/index.html within layouts/application (2.4ms)
Completed 200 OK in 30ms (Views: 25.7ms | ActiveRecord: 0.0ms)


Started GET "/" for 127.0.0.1 at 2019-01-04 15:02:15 -0700
Processing by ApplicationController#index as HTML
  Rendering application/index.html within layouts/application
  Rendered application/index.html within layouts/application (2.6ms)
Completed 200 OK in 34ms (Views: 28.7ms | ActiveRecord: 0.0ms)


Started GET "/" for 2600:100e:b11c:2342:ad14:d76e:d149:fbd6 at 2019-01-04 15:02:59 -0700
Cannot render console from 2600:100e:b11c:2342:ad14:d76e:d149:fbd6! Allowed networks: 127.0.0.1, ::1, 127.0.0.0/127.255.255.255
Processing by ApplicationController#index as HTML
  Rendering application/index.html within layouts/application
  Rendered application/index.html within layouts/application (1.8ms)
Completed 200 OK in 34ms (Views: 29.5ms | ActiveRecord: 0.0ms)


Started GET "/" for 127.0.0.1 at 2019-01-04 15:03:52 -0700
Processing by ApplicationController#index as HTML
  Rendering application/index.html within layouts/application
  Rendered application/index.html within layouts/application (3.9ms)
Completed 200 OK in 41ms (Views: 36.4ms | ActiveRecord: 0.0ms)


Started GET "/" for 127.0.0.1 at 2019-01-04 15:04:08 -0700
Processing by ApplicationController#index as HTML
  Rendering application/index.html within layouts/application
  Rendered application/index.html within layouts/application (3.3ms)
Completed 200 OK in 45ms (Views: 39.9ms | ActiveRecord: 0.0ms)


Started GET "/" for 127.0.0.1 at 2019-01-04 15:04:36 -0700
Processing by ApplicationController#index as HTML
  Rendering application/index.html within layouts/application
  Rendered application/index.html within layouts/application (4.0ms)
Completed 200 OK in 38ms (Views: 33.8ms | ActiveRecord: 0.0ms)


Started GET "/" for 127.0.0.1 at 2019-01-04 15:04:49 -0700
Processing by ApplicationController#index as HTML
  Rendering application/index.html within layouts/application
  Rendered application/index.html within layouts/application (2.8ms)
Completed 200 OK in 44ms (Views: 39.3ms | ActiveRecord: 0.0ms)


Started GET "/" for 127.0.0.1 at 2019-01-04 15:04:52 -0700
Processing by ApplicationController#index as HTML
  Rendering application/index.html within layouts/application
  Rendered application/index.html within layouts/application (3.3ms)
Completed 200 OK in 43ms (Views: 39.2ms | ActiveRecord: 0.0ms)


Started GET "/" for 127.0.0.1 at 2019-01-04 15:04:56 -0700
Processing by ApplicationController#index as HTML
  Rendering application/index.html within layouts/application
  Rendered application/index.html within layouts/application (2.8ms)
Completed 200 OK in 36ms (Views: 31.7ms | ActiveRecord: 0.0ms)


Started GET "/" for 127.0.0.1 at 2019-01-04 15:05:06 -0700
Processing by ApplicationController#index as HTML
  Rendering application/index.html within layouts/application
  Rendered application/index.html within layouts/application (2.6ms)
Completed 200 OK in 42ms (Views: 36.4ms | ActiveRecord: 0.0ms)


Started GET "/" for 127.0.0.1 at 2019-01-04 15:05:13 -0700
Processing by ApplicationController#index as HTML
  Rendering application/index.html within layouts/application
  Rendered application/index.html within layouts/application (3.3ms)
Completed 200 OK in 32ms (Views: 26.9ms | ActiveRecord: 0.0ms)


Started GET "/" for 2600:100e:b11c:2342:ad14:d76e:d149:fbd6 at 2019-01-04 15:05:21 -0700
Cannot render console from 2600:100e:b11c:2342:ad14:d76e:d149:fbd6! Allowed networks: 127.0.0.1, ::1, 127.0.0.0/127.255.255.255
Processing by ApplicationController#index as HTML
  Rendering application/index.html within layouts/application
  Rendered application/index.html within layouts/application (1.9ms)
Completed 200 OK in 30ms (Views: 24.8ms | ActiveRecord: 0.0ms)


Started GET "/" for 2600:100e:b11c:2342:ad14:d76e:d149:fbd6 at 2019-01-04 15:06:01 -0700
Cannot render console from 2600:100e:b11c:2342:ad14:d76e:d149:fbd6! Allowed networks: 127.0.0.1, ::1, 127.0.0.0/127.255.255.255
Processing by ApplicationController#index as HTML
  Rendering application/index.html within layouts/application
  Rendered application/index.html within layouts/application (1.7ms)
Completed 200 OK in 30ms (Views: 25.3ms | ActiveRecord: 0.0ms)


Started GET "/" for 2605:a601:a020:2b54:a585:7d7c:8404:311c at 2019-01-04 15:07:40 -0700
Cannot render console from 2605:a601:a020:2b54:a585:7d7c:8404:311c! Allowed networks: 127.0.0.1, ::1, 127.0.0.0/127.255.255.255
Processing by ApplicationController#index as HTML
  Rendering application/index.html within layouts/application
  Rendered application/index.html within layouts/application (1.7ms)
Completed 200 OK in 66ms (Views: 57.4ms | ActiveRecord: 0.0ms)


Started GET "/" for 2605:a601:a020:2b54:a585:7d7c:8404:311c at 2019-01-04 15:08:54 -0700
Cannot render console from 2605:a601:a020:2b54:a585:7d7c:8404:311c! Allowed networks: 127.0.0.1, ::1, 127.0.0.0/127.255.255.255
Processing by ApplicationController#index as HTML
  Rendering application/index.html within layouts/application
  Rendered application/index.html within layouts/application (1.7ms)
Completed 200 OK in 26ms (Views: 23.5ms | ActiveRecord: 0.0ms)


Started GET "/" for 2600:100e:b138:ef94:2042:191b:a7e5:306d at 2019-01-04 15:09:09 -0700
Cannot render console from 2600:100e:b138:ef94:2042:191b:a7e5:306d! Allowed networks: 127.0.0.1, ::1, 127.0.0.0/127.255.255.255
Processing by ApplicationController#index as HTML
  Rendering application/index.html within layouts/application
  Rendered application/index.html within layouts/application (2.3ms)
Completed 200 OK in 26ms (Views: 21.8ms | ActiveRecord: 0.0ms)


Started GET "/" for 2605:a601:a020:2b54:1d82:fb3b:86a1:2bf7 at 2019-01-04 15:10:46 -0700
Cannot render console from 2605:a601:a020:2b54:1d82:fb3b:86a1:2bf7! Allowed networks: 127.0.0.1, ::1, 127.0.0.0/127.255.255.255
Processing by ApplicationController#index as HTML
  Rendering application/index.html within layouts/application
  Rendered application/index.html within layouts/application (2.0ms)
Completed 200 OK in 24ms (Views: 19.4ms | ActiveRecord: 0.0ms)


Started GET "/" for 2600:1:9638:2adf:1994:639e:eff1:41f7 at 2019-01-04 15:12:13 -0700
Cannot render console from 2600:1:9638:2adf:1994:639e:eff1:41f7! Allowed networks: 127.0.0.1, ::1, 127.0.0.0/127.255.255.255
Processing by ApplicationController#index as HTML
  Rendering application/index.html within layouts/application
  Rendered application/index.html within layouts/application (2.0ms)
Completed 200 OK in 20ms (Views: 17.8ms | ActiveRecord: 0.0ms)


Started GET "/" for 2600:100e:b11c:2342:ad14:d76e:d149:fbd6 at 2019-01-04 15:13:31 -0700
Cannot render console from 2600:100e:b11c:2342:ad14:d76e:d149:fbd6! Allowed networks: 127.0.0.1, ::1, 127.0.0.0/127.255.255.255
Processing by ApplicationController#index as HTML
  Rendering application/index.html within layouts/application
  Rendered application/index.html within layouts/application (1.8ms)
Completed 200 OK in 22ms (Views: 18.2ms | ActiveRecord: 0.0ms)


Started GET "/" for 174.208.11.158 at 2019-01-04 15:14:27 -0700
Cannot render console from 174.208.11.158! Allowed networks: 127.0.0.1, ::1, 127.0.0.0/127.255.255.255
Processing by ApplicationController#index as HTML
  Rendering application/index.html within layouts/application
  Rendered application/index.html within layouts/application (1.9ms)
Completed 200 OK in 22ms (Views: 18.4ms | ActiveRecord: 0.0ms)


Started GET "/" for 127.0.0.1 at 2019-01-04 15:15:33 -0700
Processing by ApplicationController#index as HTML
  Rendering application/index.html within layouts/application
  Rendered application/index.html within layouts/application (4.7ms)
Completed 200 OK in 42ms (Views: 37.2ms | ActiveRecord: 0.0ms)


Started GET "/" for 127.0.0.1 at 2019-01-04 15:15:42 -0700
Processing by ApplicationController#index as HTML
  Rendering application/index.html within layouts/application
  Rendered application/index.html within layouts/application (3.4ms)
Completed 200 OK in 46ms (Views: 40.8ms | ActiveRecord: 0.0ms)


Started GET "/" for 127.0.0.1 at 2019-01-04 17:02:49 -0700
Processing by ApplicationController#index as HTML
  Rendering application/index.html within layouts/application
  Rendered application/index.html within layouts/application (2.5ms)
Completed 200 OK in 346ms (Views: 334.5ms | ActiveRecord: 0.0ms)


Started GET "/" for 2600:100e:b11c:2342:ad14:d76e:d149:fbd6 at 2019-01-04 17:03:05 -0700
Cannot render console from 2600:100e:b11c:2342:ad14:d76e:d149:fbd6! Allowed networks: 127.0.0.1, ::1, 127.0.0.0/127.255.255.255
Processing by ApplicationController#index as HTML
  Rendering application/index.html within layouts/application
  Rendered application/index.html within layouts/application (2.2ms)
Completed 200 OK in 23ms (Views: 19.2ms | ActiveRecord: 0.0ms)


Started GET "/" for 127.0.0.1 at 2019-01-04 17:05:37 -0700
Processing by ApplicationController#index as HTML
  Rendering application/index.html within layouts/application
  Rendered application/index.html within layouts/application (2.5ms)
Completed 200 OK in 119ms (Views: 112.8ms | ActiveRecord: 0.0ms)


Started GET "/" for 127.0.0.1 at 2019-01-04 17:06:07 -0700
Processing by ApplicationController#index as HTML
  Rendering application/index.html within layouts/application
  Rendered application/index.html within layouts/application (4.0ms)
Completed 200 OK in 46ms (Views: 39.6ms | ActiveRecord: 0.0ms)


Started GET "/" for 127.0.0.1 at 2019-01-04 17:06:17 -0700
Processing by ApplicationController#index as HTML
  Rendering application/index.html within layouts/application
  Rendered application/index.html within layouts/application (2.3ms)
Completed 200 OK in 32ms (Views: 26.8ms | ActiveRecord: 0.0ms)


Started GET "/" for 127.0.0.1 at 2019-01-04 17:06:46 -0700
Processing by ApplicationController#index as HTML
  Rendering application/index.html within layouts/application
  Rendered application/index.html within layouts/application (4.7ms)
Completed 200 OK in 41ms (Views: 35.4ms | ActiveRecord: 0.0ms)


Started GET "/" for 127.0.0.1 at 2019-01-04 17:06:54 -0700
Processing by ApplicationController#index as HTML
  Rendering application/index.html within layouts/application
  Rendered application/index.html within layouts/application (2.6ms)
Completed 200 OK in 41ms (Views: 37.6ms | ActiveRecord: 0.0ms)


Started GET "/" for 127.0.0.1 at 2019-01-04 17:07:18 -0700
Processing by ApplicationController#index as HTML
  Rendering application/index.html within layouts/application
  Rendered application/index.html within layouts/application (2.3ms)
Completed 200 OK in 39ms (Views: 35.0ms | ActiveRecord: 0.0ms)


Started GET "/" for 127.0.0.1 at 2019-01-04 17:07:40 -0700
Processing by ApplicationController#index as HTML
  Rendering application/index.html within layouts/application
  Rendered application/index.html within layouts/application (3.5ms)
Completed 200 OK in 33ms (Views: 28.9ms | ActiveRecord: 0.0ms)


Started GET "/" for 127.0.0.1 at 2019-01-04 17:08:03 -0700
Processing by ApplicationController#index as HTML
  Rendering application/index.html within layouts/application
  Rendered application/index.html within layouts/application (3.2ms)
Completed 200 OK in 44ms (Views: 39.1ms | ActiveRecord: 0.0ms)


Started GET "/" for 127.0.0.1 at 2019-01-04 17:08:21 -0700
Processing by ApplicationController#index as HTML
  Rendering application/index.html within layouts/application
  Rendered application/index.html within layouts/application (4.5ms)
Completed 200 OK in 50ms (Views: 45.4ms | ActiveRecord: 0.0ms)


Started GET "/" for 2600:100e:b11c:2342:ad14:d76e:d149:fbd6 at 2019-01-04 17:17:48 -0700
Cannot render console from 2600:100e:b11c:2342:ad14:d76e:d149:fbd6! Allowed networks: 127.0.0.1, ::1, 127.0.0.0/127.255.255.255
Processing by ApplicationController#index as HTML
  Rendering application/index.html within layouts/application
  Rendered application/index.html within layouts/application (2.0ms)
Completed 200 OK in 39ms (Views: 36.1ms | ActiveRecord: 0.0ms)


Started GET "/" for 127.0.0.1 at 2019-01-04 17:18:28 -0700
Processing by ApplicationController#index as HTML
  Rendering application/index.html within layouts/application
  Rendered application/index.html within layouts/application (2.2ms)
Completed 200 OK in 44ms (Views: 39.8ms | ActiveRecord: 0.0ms)


Started GET "/" for 2600:100e:b11c:2342:ad14:d76e:d149:fbd6 at 2019-01-04 17:18:34 -0700
Cannot render console from 2600:100e:b11c:2342:ad14:d76e:d149:fbd6! Allowed networks: 127.0.0.1, ::1, 127.0.0.0/127.255.255.255
Processing by ApplicationController#index as HTML
  Rendering application/index.html within layouts/application
  Rendered application/index.html within layouts/application (1.6ms)
Completed 200 OK in 20ms (Views: 15.5ms | ActiveRecord: 0.0ms)


Started GET "/" for 2600:100e:b11c:2342:ad14:d76e:d149:fbd6 at 2019-01-04 17:18:38 -0700
Cannot render console from 2600:100e:b11c:2342:ad14:d76e:d149:fbd6! Allowed networks: 127.0.0.1, ::1, 127.0.0.0/127.255.255.255
Processing by ApplicationController#index as HTML
  Rendering application/index.html within layouts/application
  Rendered application/index.html within layouts/application (1.7ms)
Completed 200 OK in 21ms (Views: 16.7ms | ActiveRecord: 0.0ms)


Started GET "/" for 127.0.0.1 at 2019-01-04 17:18:52 -0700
Processing by ApplicationController#index as HTML
  Rendering application/index.html within layouts/application
  Rendered application/index.html within layouts/application (4.2ms)
Completed 200 OK in 48ms (Views: 42.0ms | ActiveRecord: 0.0ms)


Started GET "/" for 2600:100e:b11c:2342:ad14:d76e:d149:fbd6 at 2019-01-04 17:18:55 -0700
Cannot render console from 2600:100e:b11c:2342:ad14:d76e:d149:fbd6! Allowed networks: 127.0.0.1, ::1, 127.0.0.0/127.255.255.255
Processing by ApplicationController#index as HTML
  Rendering application/index.html within layouts/application
  Rendered application/index.html within layouts/application (2.1ms)
Completed 200 OK in 29ms (Views: 25.2ms | ActiveRecord: 0.0ms)


Started GET "/" for 2600:100e:b11c:2342:ad14:d76e:d149:fbd6 at 2019-01-04 17:19:23 -0700
Cannot render console from 2600:100e:b11c:2342:ad14:d76e:d149:fbd6! Allowed networks: 127.0.0.1, ::1, 127.0.0.0/127.255.255.255
Processing by ApplicationController#index as HTML
  Rendering application/index.html within layouts/application
  Rendered application/index.html within layouts/application (2.1ms)
Completed 200 OK in 23ms (Views: 18.8ms | ActiveRecord: 0.0ms)


Started GET "/" for 127.0.0.1 at 2019-01-04 17:19:56 -0700
Processing by ApplicationController#index as HTML
  Rendering application/index.html within layouts/application
  Rendered application/index.html within layouts/application (4.2ms)
Completed 200 OK in 37ms (Views: 32.6ms | ActiveRecord: 0.0ms)


Started GET "/" for 2600:100e:b11c:2342:ad14:d76e:d149:fbd6 at 2019-01-04 17:20:02 -0700
Cannot render console from 2600:100e:b11c:2342:ad14:d76e:d149:fbd6! Allowed networks: 127.0.0.1, ::1, 127.0.0.0/127.255.255.255
Processing by ApplicationController#index as HTML
  Rendering application/index.html within layouts/application
  Rendered application/index.html within layouts/application (1.5ms)
Completed 200 OK in 18ms (Views: 15.6ms | ActiveRecord: 0.0ms)


Started GET "/" for 127.0.0.1 at 2019-01-04 17:20:31 -0700
Processing by ApplicationController#index as HTML
  Rendering application/index.html within layouts/application
  Rendered application/index.html within layouts/application (4.7ms)
Completed 200 OK in 38ms (Views: 33.6ms | ActiveRecord: 0.0ms)


Started GET "/" for 2600:100e:b11c:2342:ad14:d76e:d149:fbd6 at 2019-01-04 17:20:34 -0700
Cannot render console from 2600:100e:b11c:2342:ad14:d76e:d149:fbd6! Allowed networks: 127.0.0.1, ::1, 127.0.0.0/127.255.255.255
Processing by ApplicationController#index as HTML
  Rendering application/index.html within layouts/application
  Rendered application/index.html within layouts/application (2.3ms)
Completed 200 OK in 32ms (Views: 27.8ms | ActiveRecord: 0.0ms)


Started GET "/" for 2600:100e:b11c:2342:ad14:d76e:d149:fbd6 at 2019-01-04 17:20:38 -0700
Cannot render console from 2600:100e:b11c:2342:ad14:d76e:d149:fbd6! Allowed networks: 127.0.0.1, ::1, 127.0.0.0/127.255.255.255
Processing by ApplicationController#index as HTML
  Rendering application/index.html within layouts/application
  Rendered application/index.html within layouts/application (2.1ms)
Completed 200 OK in 31ms (Views: 25.3ms | ActiveRecord: 0.0ms)


Started GET "/" for 127.0.0.1 at 2019-01-04 17:20:46 -0700
Processing by ApplicationController#index as HTML
  Rendering application/index.html within layouts/application
  Rendered application/index.html within layouts/application (4.0ms)
Completed 200 OK in 41ms (Views: 37.4ms | ActiveRecord: 0.0ms)


Started GET "/" for 2600:100e:b11c:2342:ad14:d76e:d149:fbd6 at 2019-01-04 17:20:50 -0700
Cannot render console from 2600:100e:b11c:2342:ad14:d76e:d149:fbd6! Allowed networks: 127.0.0.1, ::1, 127.0.0.0/127.255.255.255
Processing by ApplicationController#index as HTML
  Rendering application/index.html within layouts/application
  Rendered application/index.html within layouts/application (1.9ms)
Completed 200 OK in 20ms (Views: 17.6ms | ActiveRecord: 0.0ms)


Started GET "/" for 2600:100e:b11c:2342:ad14:d76e:d149:fbd6 at 2019-01-04 17:21:22 -0700
Cannot render console from 2600:100e:b11c:2342:ad14:d76e:d149:fbd6! Allowed networks: 127.0.0.1, ::1, 127.0.0.0/127.255.255.255
Processing by ApplicationController#index as HTML
  Rendering application/index.html within layouts/application
  Rendered application/index.html within layouts/application (1.8ms)
Completed 200 OK in 24ms (Views: 19.3ms | ActiveRecord: 0.0ms)


Started GET "/" for 2600:100e:b11c:2342:ad14:d76e:d149:fbd6 at 2019-01-04 17:21:34 -0700
Cannot render console from 2600:100e:b11c:2342:ad14:d76e:d149:fbd6! Allowed networks: 127.0.0.1, ::1, 127.0.0.0/127.255.255.255
Processing by ApplicationController#index as HTML
  Rendering application/index.html within layouts/application
  Rendered application/index.html within layouts/application (2.1ms)
Completed 200 OK in 24ms (Views: 19.2ms | ActiveRecord: 0.0ms)


Started GET "/" for 2600:100e:b11c:2342:ad14:d76e:d149:fbd6 at 2019-01-04 17:22:29 -0700
Cannot render console from 2600:100e:b11c:2342:ad14:d76e:d149:fbd6! Allowed networks: 127.0.0.1, ::1, 127.0.0.0/127.255.255.255
Processing by ApplicationController#index as HTML
  Rendering application/index.html within layouts/application
  Rendered application/index.html within layouts/application (2.0ms)
Completed 200 OK in 28ms (Views: 24.5ms | ActiveRecord: 0.0ms)


Started GET "/" for 127.0.0.1 at 2019-01-04 17:23:00 -0700
Processing by ApplicationController#index as HTML
  Rendering application/index.html within layouts/application
  Rendered application/index.html within layouts/application (2.9ms)
Completed 200 OK in 45ms (Views: 40.2ms | ActiveRecord: 0.0ms)


Started GET "/" for 127.0.0.1 at 2019-01-04 17:23:06 -0700
Processing by ApplicationController#index as HTML
  Rendering application/index.html within layouts/application
  Rendered application/index.html within layouts/application (1.9ms)
Completed 200 OK in 41ms (Views: 36.9ms | ActiveRecord: 0.0ms)


Started GET "/" for 127.0.0.1 at 2019-01-04 17:23:12 -0700
Processing by ApplicationController#index as HTML
  Rendering application/index.html within layouts/application
  Rendered application/index.html within layouts/application (3.0ms)
Completed 200 OK in 43ms (Views: 39.6ms | ActiveRecord: 0.0ms)


Started GET "/" for 127.0.0.1 at 2019-01-04 17:23:40 -0700
Processing by ApplicationController#index as HTML
  Rendering application/index.html within layouts/application
  Rendered application/index.html within layouts/application (2.6ms)
Completed 200 OK in 39ms (Views: 34.5ms | ActiveRecord: 0.0ms)


Started GET "/" for 2600:100e:b11c:2342:ad14:d76e:d149:fbd6 at 2019-01-04 17:24:50 -0700
Cannot render console from 2600:100e:b11c:2342:ad14:d76e:d149:fbd6! Allowed networks: 127.0.0.1, ::1, 127.0.0.0/127.255.255.255
Processing by ApplicationController#index as HTML
  Rendering application/index.html within layouts/application
  Rendered application/index.html within layouts/application (1.8ms)
Completed 200 OK in 31ms (Views: 25.5ms | ActiveRecord: 0.0ms)


Started GET "/" for 2600:100e:b11c:2342:ad14:d76e:d149:fbd6 at 2019-01-04 17:25:46 -0700
Cannot render console from 2600:100e:b11c:2342:ad14:d76e:d149:fbd6! Allowed networks: 127.0.0.1, ::1, 127.0.0.0/127.255.255.255
Processing by ApplicationController#index as HTML
  Rendering application/index.html within layouts/application
  Rendered application/index.html within layouts/application (1.4ms)
Completed 200 OK in 21ms (Views: 16.3ms | ActiveRecord: 0.0ms)


Started GET "/" for 127.0.0.1 at 2019-01-04 17:26:42 -0700
Processing by ApplicationController#index as HTML
  Rendering application/index.html within layouts/application
  Rendered application/index.html within layouts/application (3.7ms)
Completed 200 OK in 44ms (Views: 39.3ms | ActiveRecord: 0.0ms)


Started GET "/" for 2600:100e:b11c:2342:ad14:d76e:d149:fbd6 at 2019-01-04 17:26:50 -0700
Cannot render console from 2600:100e:b11c:2342:ad14:d76e:d149:fbd6! Allowed networks: 127.0.0.1, ::1, 127.0.0.0/127.255.255.255
Processing by ApplicationController#index as HTML
  Rendering application/index.html within layouts/application
  Rendered application/index.html within layouts/application (1.9ms)
Completed 200 OK in 21ms (Views: 18.3ms | ActiveRecord: 0.0ms)


Started GET "/" for 127.0.0.1 at 2019-01-04 17:27:07 -0700
Processing by ApplicationController#index as HTML
  Rendering application/index.html within layouts/application
  Rendered application/index.html within layouts/application (3.5ms)
Completed 200 OK in 38ms (Views: 32.6ms | ActiveRecord: 0.0ms)


Started GET "/" for 2600:100e:b11c:2342:ad14:d76e:d149:fbd6 at 2019-01-04 17:27:11 -0700
Cannot render console from 2600:100e:b11c:2342:ad14:d76e:d149:fbd6! Allowed networks: 127.0.0.1, ::1, 127.0.0.0/127.255.255.255
Processing by ApplicationController#index as HTML
  Rendering application/index.html within layouts/application
  Rendered application/index.html within layouts/application (1.9ms)
Completed 200 OK in 23ms (Views: 18.7ms | ActiveRecord: 0.0ms)


Started GET "/" for 127.0.0.1 at 2019-01-08 08:54:35 -0700
Processing by ApplicationController#index as HTML
  Rendering application/index.html within layouts/application
  Rendered application/index.html within layouts/application (3.2ms)
Completed 200 OK in 273ms (Views: 261.1ms | ActiveRecord: 0.0ms)


Started GET "/" for 127.0.0.1 at 2019-01-09 11:43:04 -0700
Processing by ApplicationController#index as HTML
  Rendering application/index.html within layouts/application
  Rendered application/index.html within layouts/application (3.4ms)
Completed 200 OK in 259ms (Views: 245.8ms | ActiveRecord: 0.0ms)


Started GET "/" for 127.0.0.1 at 2019-01-09 11:44:20 -0700
Processing by ApplicationController#index as HTML
  Rendering application/index.html within layouts/application
  Rendered application/index.html within layouts/application (3.3ms)
Completed 200 OK in 46ms (Views: 40.5ms | ActiveRecord: 0.0ms)


Started GET "/" for 2605:a601:a020:2b54:e8b6:afbd:4711:cdb4 at 2019-01-09 11:45:04 -0700
Cannot render console from 2605:a601:a020:2b54:e8b6:afbd:4711:cdb4! Allowed networks: 127.0.0.1, ::1, 127.0.0.0/127.255.255.255
Processing by ApplicationController#index as HTML
  Rendering application/index.html within layouts/application
  Rendered application/index.html within layouts/application (3.1ms)
Completed 200 OK in 34ms (Views: 30.0ms | ActiveRecord: 0.0ms)


Started GET "/" for 2600:100e:b13f:902f:90f3:9f58:1b79:a5d0 at 2019-01-09 11:45:21 -0700
Cannot render console from 2600:100e:b13f:902f:90f3:9f58:1b79:a5d0! Allowed networks: 127.0.0.1, ::1, 127.0.0.0/127.255.255.255
Processing by ApplicationController#index as HTML
  Rendering application/index.html within layouts/application
  Rendered application/index.html within layouts/application (2.1ms)
Completed 200 OK in 62ms (Views: 56.7ms | ActiveRecord: 0.0ms)


Started GET "/" for 127.0.0.1 at 2019-01-09 12:00:43 -0700
Processing by ApplicationController#index as HTML
  Rendering application/index.html within layouts/application
  Rendered application/index.html within layouts/application (2.7ms)
Completed 200 OK in 257ms (Views: 248.0ms | ActiveRecord: 0.0ms)


Started GET "/" for 127.0.0.1 at 2019-01-09 14:21:23 -0700
Processing by ApplicationController#index as HTML
  Rendering application/index.html within layouts/application
  Rendered application/index.html within layouts/application (2.2ms)
Completed 200 OK in 240ms (Views: 227.6ms | ActiveRecord: 0.0ms)


Started GET "/" for 127.0.0.1 at 2019-01-09 14:23:22 -0700
Processing by ApplicationController#index as HTML
  Rendering application/index.html within layouts/application
  Rendered application/index.html within layouts/application (3.0ms)
Completed 200 OK in 32ms (Views: 26.7ms | ActiveRecord: 0.0ms)


Started GET "/" for 127.0.0.1 at 2019-01-14 09:24:33 -0700
Processing by ApplicationController#index as HTML
  Rendering application/index.html within layouts/application
  Rendered application/index.html within layouts/application (2.5ms)
Completed 200 OK in 257ms (Views: 247.9ms | ActiveRecord: 0.0ms)


Started GET "/" for 127.0.0.1 at 2019-01-14 09:24:41 -0700
Processing by ApplicationController#index as HTML
  Rendering application/index.html within layouts/application
  Rendered application/index.html within layouts/application (3.6ms)
Completed 200 OK in 72ms (Views: 66.0ms | ActiveRecord: 0.0ms)


